INFO autoreload 677 Watching for file changes with StatReloader
INFO autoreload 677 Watching for file changes with StatReloader
INFO basehttp 187 "GET /static/index.html HTTP/1.1" 200 28828
INFO basehttp 187 "GET /static/dist/css/BSA.css HTTP/1.1" 200 20169
INFO basehttp 187 "GET /static/plugins/bootstrap-icons/bootstrap-icons.css HTTP/1.1" 200 88585
INFO basehttp 187 "GET /static/plugins/bootstrap/css/bootstrap.min.css HTTP/1.1" 200 163873
INFO basehttp 187 "GET /static/dist/js/BSA.js HTTP/1.1" 200 24803
INFO basehttp 187 "GET /static/dist/img/logo-icon.png HTTP/1.1" 200 2065
INFO basehttp 187 "GET /static/plugins/bootstrap/js/bootstrap.bundle.min.js HTTP/1.1" 200 78129
INFO basehttp 187 "GET /home_page HTTP/1.1" 301 0
INFO basehttp 187 "GET /static/plugins/bootstrap-icons/fonts/bootstrap-icons.woff2?8d200481aa7f02a2d63a331fc782cfaf HTTP/1.1" 200 112440
INFO basehttp 187 "GET /home_page/ HTTP/1.1" 200 22061
INFO basehttp 187 "GET /static/js/bootstrap.min.js HTTP/1.1" 200 60404
INFO basehttp 187 "GET /static/css/bootstrap.min.css HTTP/1.1" 200 194901
INFO basehttp 187 "GET /static/plugins/chart.js/chart.min.js HTTP/1.1" 200 197005
INFO basehttp 187 "GET /static/dist/img/favicon-32x32.png HTTP/1.1" 200 513
INFO autoreload 266 B:\02_Important\Python\0a_project\zol_phone\zol_phone\settings.py changed, reloading.
INFO autoreload 677 Watching for file changes with StatReloader
INFO autoreload 266 B:\02_Important\Python\0a_project\zol_phone\zol_phone\urls.py changed, reloading.
INFO autoreload 677 Watching for file changes with StatReloader
INFO basehttp 187 "GET /static/index.html HTTP/1.1" 200 29389
INFO basehttp 187 "GET /home_page/ HTTP/1.1" 200 22061
INFO basehttp 187 "GET /static/pages/brands.html HTTP/1.1" 200 6727
INFO basehttp 187 "GET /static/plugins/echarts/echarts.min.js HTTP/1.1" 200 1017477
INFO basehttp 187 "GET /spiders HTTP/1.1" 301 0
ERROR log 241 Internal Server Error: /spiders/
Traceback (most recent call last):
  File "C:\env\Anaconda3\envs\django4\lib\site-packages\django\core\handlers\exception.py", line 55, in inner
    response = get_response(request)
  File "C:\env\Anaconda3\envs\django4\lib\site-packages\django\core\handlers\base.py", line 204, in _get_response
    self.check_response(response, callback)
  File "C:\env\Anaconda3\envs\django4\lib\site-packages\django\core\handlers\base.py", line 332, in check_response
    raise ValueError(
ValueError: The view apps.crawler.views.view didn't return an HttpResponse object. It returned None instead.
ERROR basehttp 187 "GET /spiders/ HTTP/1.1" 500 76508
INFO autoreload 266 B:\02_Important\Python\0a_project\zol_phone\apps\crawler\views.py changed, reloading.
INFO autoreload 677 Watching for file changes with StatReloader
INFO autoreload 266 B:\02_Important\Python\0a_project\zol_phone\apps\crawler\views.py changed, reloading.
INFO autoreload 677 Watching for file changes with StatReloader
INFO basehttp 187 "GET /static/index.html HTTP/1.1" 304 0
ERROR log 241 Internal Server Error: /spiders/
Traceback (most recent call last):
  File "C:\env\Anaconda3\envs\django4\lib\site-packages\django\core\handlers\exception.py", line 55, in inner
    response = get_response(request)
  File "C:\env\Anaconda3\envs\django4\lib\site-packages\django\core\handlers\base.py", line 197, in _get_response
    response = wrapped_callback(request, *callback_args, **callback_kwargs)
  File "C:\env\Anaconda3\envs\django4\lib\site-packages\django\views\generic\base.py", line 103, in view
    return self.dispatch(request, *args, **kwargs)
  File "C:\env\Anaconda3\envs\django4\lib\site-packages\django\views\generic\base.py", line 142, in dispatch
    return handler(request, *args, **kwargs)
TypeError: 'NoneType' object is not callable
ERROR basehttp 187 "GET /spiders/ HTTP/1.1" 500 80692
INFO autoreload 677 Watching for file changes with StatReloader
INFO basehttp 187 "GET /static/index.html HTTP/1.1" 304 0
ERROR log 241 Internal Server Error: /spiders/
Traceback (most recent call last):
  File "C:\env\Anaconda3\envs\django4\lib\site-packages\django\core\handlers\exception.py", line 55, in inner
    response = get_response(request)
  File "C:\env\Anaconda3\envs\django4\lib\site-packages\django\core\handlers\base.py", line 197, in _get_response
    response = wrapped_callback(request, *callback_args, **callback_kwargs)
  File "C:\env\Anaconda3\envs\django4\lib\site-packages\django\views\generic\base.py", line 103, in view
    return self.dispatch(request, *args, **kwargs)
  File "C:\env\Anaconda3\envs\django4\lib\site-packages\django\views\generic\base.py", line 142, in dispatch
    return handler(request, *args, **kwargs)
TypeError: 'NoneType' object is not callable
ERROR basehttp 187 "GET /spiders/ HTTP/1.1" 500 80692
INFO autoreload 266 B:\02_Important\Python\0a_project\zol_phone\utils\decorators.py changed, reloading.
INFO autoreload 677 Watching for file changes with StatReloader
INFO basehttp 187 "GET /static/index.html HTTP/1.1" 304 0
ERROR log 241 Internal Server Error: /spiders/
Traceback (most recent call last):
  File "C:\env\Anaconda3\envs\django4\lib\site-packages\django\core\handlers\exception.py", line 55, in inner
    response = get_response(request)
  File "C:\env\Anaconda3\envs\django4\lib\site-packages\django\core\handlers\base.py", line 197, in _get_response
    response = wrapped_callback(request, *callback_args, **callback_kwargs)
  File "C:\env\Anaconda3\envs\django4\lib\site-packages\django\views\generic\base.py", line 103, in view
    return self.dispatch(request, *args, **kwargs)
  File "C:\env\Anaconda3\envs\django4\lib\site-packages\django\views\generic\base.py", line 142, in dispatch
    return handler(request, *args, **kwargs)
TypeError: 'NoneType' object is not callable
ERROR basehttp 187 "GET /spiders/ HTTP/1.1" 500 80692
INFO autoreload 266 B:\02_Important\Python\0a_project\zol_phone\zol_phone\settings.py changed, reloading.
INFO autoreload 677 Watching for file changes with StatReloader
INFO autoreload 266 B:\02_Important\Python\0a_project\zol_phone\zol_phone\settings.py changed, reloading.
INFO autoreload 677 Watching for file changes with StatReloader
INFO autoreload 266 B:\02_Important\Python\0a_project\zol_phone\utils\middlewares.py changed, reloading.
INFO autoreload 677 Watching for file changes with StatReloader
INFO autoreload 266 B:\02_Important\Python\0a_project\zol_phone\utils\middlewares.py changed, reloading.
INFO autoreload 677 Watching for file changes with StatReloader
INFO autoreload 266 B:\02_Important\Python\0a_project\zol_phone\apps\crawler\views.py changed, reloading.
INFO autoreload 677 Watching for file changes with StatReloader
INFO autoreload 266 B:\02_Important\Python\0a_project\zol_phone\utils\decorators.py changed, reloading.
INFO autoreload 677 Watching for file changes with StatReloader
INFO autoreload 677 Watching for file changes with StatReloader
INFO autoreload 266 B:\02_Important\Python\0a_project\zol_phone\zol_phone\settings.py changed, reloading.
INFO autoreload 677 Watching for file changes with StatReloader
INFO basehttp 187 "GET /static/index.html HTTP/1.1" 304 0
INFO basehttp 187 "GET /static/index.html HTTP/1.1" 304 0
ERROR log 241 Internal Server Error: /spiders/
Traceback (most recent call last):
  File "C:\env\Anaconda3\envs\django4\lib\site-packages\django_redis\cache.py", line 31, in _decorator
    return method(self, *args, **kwargs)
  File "C:\env\Anaconda3\envs\django4\lib\site-packages\django_redis\cache.py", line 98, in _get
    return self.client.get(key, default=default, version=version, client=client)
  File "C:\env\Anaconda3\envs\django4\lib\site-packages\django_redis\client\default.py", line 260, in get
    raise ConnectionInterrupted(connection=client) from e
django_redis.exceptions.ConnectionInterrupted: Redis TimeoutError: Timeout connecting to server

During handling of the above exception, another exception occurred:

Traceback (most recent call last):
  File "C:\env\Anaconda3\envs\django4\lib\site-packages\django\core\handlers\exception.py", line 55, in inner
    response = get_response(request)
  File "C:\env\Anaconda3\envs\django4\lib\site-packages\django\core\handlers\base.py", line 197, in _get_response
    response = wrapped_callback(request, *callback_args, **callback_kwargs)
  File "C:\env\Anaconda3\envs\django4\lib\site-packages\django\views\generic\base.py", line 103, in view
    return self.dispatch(request, *args, **kwargs)
  File "C:\env\Anaconda3\envs\django4\lib\site-packages\django\views\generic\base.py", line 142, in dispatch
    return handler(request, *args, **kwargs)
  File "C:\env\Anaconda3\envs\django4\lib\site-packages\django\views\decorators\clickjacking.py", line 55, in wrapped_view
    resp = view_func(*args, **kwargs)
  File "B:\02_Important\Python\0a_project\zol_phone\apps\crawler\views.py", line 23, in get
    cache_projects = cache_handler('projects', get_project_list, 20 * 60)
  File "B:\02_Important\Python\0a_project\zol_phone\utils\cacher.py", line 19, in cache_handler
    if cache_data := cache.get(key):
  File "C:\env\Anaconda3\envs\django4\lib\site-packages\django_redis\cache.py", line 91, in get
    value = self._get(key, default, version, client)
  File "C:\env\Anaconda3\envs\django4\lib\site-packages\django_redis\cache.py", line 38, in _decorator
    raise e.__cause__
  File "C:\env\Anaconda3\envs\django4\lib\site-packages\django_redis\client\default.py", line 258, in get
    value = client.get(key)
  File "C:\env\Anaconda3\envs\django4\lib\site-packages\redis\commands\core.py", line 1801, in get
    return self.execute_command("GET", name)
  File "C:\env\Anaconda3\envs\django4\lib\site-packages\redis\client.py", line 1266, in execute_command
    conn = self.connection or pool.get_connection(command_name, **options)
  File "C:\env\Anaconda3\envs\django4\lib\site-packages\redis\connection.py", line 1457, in get_connection
    connection.connect()
  File "C:\env\Anaconda3\envs\django4\lib\site-packages\redis\connection.py", line 703, in connect
    raise TimeoutError("Timeout connecting to server")
redis.exceptions.TimeoutError: Timeout connecting to server
INFO basehttp 80 - Broken pipe from ('127.0.0.1', 7596)
ERROR log 241 Internal Server Error: /spiders/
Traceback (most recent call last):
  File "C:\env\Anaconda3\envs\django4\lib\site-packages\django_redis\cache.py", line 31, in _decorator
    return method(self, *args, **kwargs)
  File "C:\env\Anaconda3\envs\django4\lib\site-packages\django_redis\cache.py", line 98, in _get
    return self.client.get(key, default=default, version=version, client=client)
  File "C:\env\Anaconda3\envs\django4\lib\site-packages\django_redis\client\default.py", line 260, in get
    raise ConnectionInterrupted(connection=client) from e
django_redis.exceptions.ConnectionInterrupted: Redis TimeoutError: Timeout connecting to server

During handling of the above exception, another exception occurred:

Traceback (most recent call last):
  File "C:\env\Anaconda3\envs\django4\lib\site-packages\django\core\handlers\exception.py", line 55, in inner
    response = get_response(request)
  File "C:\env\Anaconda3\envs\django4\lib\site-packages\django\core\handlers\base.py", line 197, in _get_response
    response = wrapped_callback(request, *callback_args, **callback_kwargs)
  File "C:\env\Anaconda3\envs\django4\lib\site-packages\django\views\generic\base.py", line 103, in view
    return self.dispatch(request, *args, **kwargs)
  File "C:\env\Anaconda3\envs\django4\lib\site-packages\django\views\generic\base.py", line 142, in dispatch
    return handler(request, *args, **kwargs)
  File "C:\env\Anaconda3\envs\django4\lib\site-packages\django\views\decorators\clickjacking.py", line 55, in wrapped_view
    resp = view_func(*args, **kwargs)
  File "B:\02_Important\Python\0a_project\zol_phone\apps\crawler\views.py", line 23, in get
    cache_projects = cache_handler('projects', get_project_list, 20 * 60)
  File "B:\02_Important\Python\0a_project\zol_phone\utils\cacher.py", line 19, in cache_handler
    if cache_data := cache.get(key):
  File "C:\env\Anaconda3\envs\django4\lib\site-packages\django_redis\cache.py", line 91, in get
    value = self._get(key, default, version, client)
  File "C:\env\Anaconda3\envs\django4\lib\site-packages\django_redis\cache.py", line 38, in _decorator
    raise e.__cause__
  File "C:\env\Anaconda3\envs\django4\lib\site-packages\django_redis\client\default.py", line 258, in get
    value = client.get(key)
  File "C:\env\Anaconda3\envs\django4\lib\site-packages\redis\commands\core.py", line 1801, in get
    return self.execute_command("GET", name)
  File "C:\env\Anaconda3\envs\django4\lib\site-packages\redis\client.py", line 1266, in execute_command
    conn = self.connection or pool.get_connection(command_name, **options)
  File "C:\env\Anaconda3\envs\django4\lib\site-packages\redis\connection.py", line 1457, in get_connection
    connection.connect()
  File "C:\env\Anaconda3\envs\django4\lib\site-packages\redis\connection.py", line 703, in connect
    raise TimeoutError("Timeout connecting to server")
redis.exceptions.TimeoutError: Timeout connecting to server
ERROR basehttp 187 "GET /spiders/ HTTP/1.1" 500 135188
INFO autoreload 266 B:\02_Important\Python\0a_project\zol_phone\zol_phone\settings.py changed, reloading.
INFO autoreload 677 Watching for file changes with StatReloader
INFO autoreload 677 Watching for file changes with StatReloader
INFO autoreload 677 Watching for file changes with StatReloader
INFO basehttp 187 "GET /static/index.html HTTP/1.1" 304 0
ERROR log 241 Internal Server Error: /spiders/
Traceback (most recent call last):
  File "C:\env\Anaconda3\envs\django4\lib\site-packages\django\core\handlers\exception.py", line 55, in inner
    response = get_response(request)
  File "C:\env\Anaconda3\envs\django4\lib\site-packages\django\core\handlers\base.py", line 199, in _get_response
    response = self.process_exception_by_middleware(e, request)
  File "C:\env\Anaconda3\envs\django4\lib\site-packages\django\core\handlers\base.py", line 362, in process_exception_by_middleware
    response = middleware_method(request, exception)
  File "B:\02_Important\Python\0a_project\zol_phone\utils\middlewares.py", line 49, in process_exception
    r = R.server_error()
  File "B:\02_Important\Python\0a_project\zol_phone\utils\result.py", line 37, in server_error
    StatusCodeEnum.SERVER_ERROR.code,
  File "C:\env\Anaconda3\envs\django4\lib\enum.py", line 437, in __getattr__
    raise AttributeError(name) from None
AttributeError: SERVER_ERROR
ERROR basehttp 187 "GET /spiders/ HTTP/1.1" 500 86863
INFO autoreload 266 B:\02_Important\Python\0a_project\zol_phone\utils\middlewares.py changed, reloading.
INFO autoreload 677 Watching for file changes with StatReloader
INFO autoreload 266 B:\02_Important\Python\0a_project\zol_phone\utils\middlewares.py changed, reloading.
INFO autoreload 677 Watching for file changes with StatReloader
INFO autoreload 266 B:\02_Important\Python\0a_project\zol_phone\utils\middlewares.py changed, reloading.
INFO autoreload 677 Watching for file changes with StatReloader
INFO basehttp 187 "GET /static/index.html HTTP/1.1" 304 0
ERROR log 241 Internal Server Error: /spiders/
Traceback (most recent call last):
  File "C:\env\Anaconda3\envs\django4\lib\site-packages\django\core\handlers\exception.py", line 55, in inner
    response = get_response(request)
  File "C:\env\Anaconda3\envs\django4\lib\site-packages\django\core\handlers\base.py", line 199, in _get_response
    response = self.process_exception_by_middleware(e, request)
  File "C:\env\Anaconda3\envs\django4\lib\site-packages\django\core\handlers\base.py", line 362, in process_exception_by_middleware
    response = middleware_method(request, exception)
  File "B:\02_Important\Python\0a_project\zol_phone\utils\middlewares.py", line 50, in process_exception
    r = R.server_error()
  File "B:\02_Important\Python\0a_project\zol_phone\utils\result.py", line 37, in server_error
    StatusCodeEnum.SERVER_ERROR.code,
  File "C:\env\Anaconda3\envs\django4\lib\enum.py", line 437, in __getattr__
    raise AttributeError(name) from None
AttributeError: SERVER_ERROR
ERROR basehttp 187 "GET /spiders/ HTTP/1.1" 500 87251
INFO autoreload 266 B:\02_Important\Python\0a_project\zol_phone\zol_phone\settings.py changed, reloading.
INFO autoreload 677 Watching for file changes with StatReloader
INFO autoreload 266 B:\02_Important\Python\0a_project\zol_phone\utils\result.py changed, reloading.
INFO autoreload 677 Watching for file changes with StatReloader
INFO basehttp 187 "GET /static/plugins/bootstrap/js/bootstrap.bundle.min.js.map HTTP/1.1" 200 331017
INFO basehttp 187 "GET /static/dist/js/BSA.js.map HTTP/1.1" 200 80969
INFO basehttp 187 "GET /static/plugins/bootstrap/css/bootstrap.min.css.map HTTP/1.1" 200 451427
INFO basehttp 187 "GET /static/index.html HTTP/1.1" 200 29389
INFO basehttp 187 "GET /static/dist/css/BSA.css HTTP/1.1" 200 20169
INFO basehttp 187 "GET /static/plugins/bootstrap-icons/bootstrap-icons.css HTTP/1.1" 200 88585
INFO basehttp 187 "GET /static/plugins/bootstrap/css/bootstrap.min.css HTTP/1.1" 200 163873
INFO basehttp 187 "GET /static/dist/img/logo-icon.png HTTP/1.1" 200 2065
INFO basehttp 187 "GET /static/dist/js/BSA.js HTTP/1.1" 200 24803
INFO basehttp 187 "GET /static/plugins/bootstrap/js/bootstrap.bundle.min.js HTTP/1.1" 200 78129
INFO basehttp 187 "GET /static/plugins/bootstrap-icons/fonts/bootstrap-icons.woff2?8d200481aa7f02a2d63a331fc782cfaf HTTP/1.1" 200 112440
INFO basehttp 187 "GET /static/plugins/bootstrap/css/bootstrap.min.css.map HTTP/1.1" 200 451427
INFO basehttp 187 "GET /spiders HTTP/1.1" 301 0
INFO basehttp 187 "GET /static/dist/js/BSA.js.map HTTP/1.1" 200 80969
INFO basehttp 187 "GET /static/plugins/bootstrap/js/bootstrap.bundle.min.js.map HTTP/1.1" 200 331017
ERROR log 241 Internal Server Error: /spiders/
Traceback (most recent call last):
  File "C:\env\Anaconda3\envs\django4\lib\site-packages\django\core\handlers\exception.py", line 55, in inner
    response = get_response(request)
  File "C:\env\Anaconda3\envs\django4\lib\site-packages\django\core\handlers\base.py", line 199, in _get_response
    response = self.process_exception_by_middleware(e, request)
  File "C:\env\Anaconda3\envs\django4\lib\site-packages\django\core\handlers\base.py", line 362, in process_exception_by_middleware
    response = middleware_method(request, exception)
  File "B:\02_Important\Python\0a_project\zol_phone\utils\middlewares.py", line 50, in process_exception
    r = R.server_error()
  File "B:\02_Important\Python\0a_project\zol_phone\utils\result.py", line 37, in server_error
    StatusCodeEnum.SERVER_ERROR.code,
  File "C:\env\Anaconda3\envs\django4\lib\enum.py", line 437, in __getattr__
    raise AttributeError(name) from None
AttributeError: SERVER_ERROR
ERROR basehttp 187 "GET /spiders/ HTTP/1.1" 500 87592
INFO basehttp 187 "GET /static/dist/img/favicon-32x32.png HTTP/1.1" 200 513
INFO autoreload 266 B:\02_Important\Python\0a_project\zol_phone\utils\middlewares.py changed, reloading.
INFO autoreload 677 Watching for file changes with StatReloader
INFO basehttp 187 "GET /static/index.html HTTP/1.1" 200 29389
INFO basehttp 187 "GET /static/plugins/bootstrap-icons/bootstrap-icons.css HTTP/1.1" 200 88585
INFO basehttp 187 "GET /static/plugins/bootstrap/css/bootstrap.min.css HTTP/1.1" 200 163873
INFO basehttp 187 "GET /static/dist/css/BSA.css HTTP/1.1" 200 20169
INFO basehttp 187 "GET /static/dist/img/logo-icon.png HTTP/1.1" 200 2065
INFO basehttp 187 "GET /static/plugins/bootstrap/js/bootstrap.bundle.min.js HTTP/1.1" 200 78129
INFO basehttp 187 "GET /static/dist/js/BSA.js HTTP/1.1" 200 24803
INFO basehttp 187 "GET /static/plugins/bootstrap-icons/fonts/bootstrap-icons.woff2?8d200481aa7f02a2d63a331fc782cfaf HTTP/1.1" 200 112440
INFO basehttp 187 "GET /static/plugins/bootstrap/css/bootstrap.min.css.map HTTP/1.1" 200 451427
INFO basehttp 187 "GET /spiders HTTP/1.1" 301 0
INFO basehttp 187 "GET /static/dist/js/BSA.js.map HTTP/1.1" 200 80969
INFO basehttp 187 "GET /static/plugins/bootstrap/js/bootstrap.bundle.min.js.map HTTP/1.1" 200 331017
ERROR log 241 Internal Server Error: /spiders/
ERROR basehttp 187 "GET /spiders/ HTTP/1.1" 500 2511
INFO basehttp 187 "GET /static/dist/img/favicon-32x32.png HTTP/1.1" 200 513
INFO autoreload 677 Watching for file changes with StatReloader
INFO basehttp 187 "GET /static/index.html HTTP/1.1" 200 29389
INFO basehttp 187 "GET /static/plugins/bootstrap-icons/bootstrap-icons.css HTTP/1.1" 200 88585
INFO basehttp 187 "GET /static/plugins/bootstrap/css/bootstrap.min.css HTTP/1.1" 200 163873
INFO basehttp 187 "GET /static/dist/css/BSA.css HTTP/1.1" 200 20169
INFO basehttp 187 "GET /static/dist/img/logo-icon.png HTTP/1.1" 200 2065
INFO basehttp 187 "GET /static/dist/js/BSA.js HTTP/1.1" 200 24803
INFO basehttp 187 "GET /static/plugins/bootstrap/js/bootstrap.bundle.min.js HTTP/1.1" 200 78129
INFO basehttp 187 "GET /static/plugins/bootstrap-icons/fonts/bootstrap-icons.woff2?8d200481aa7f02a2d63a331fc782cfaf HTTP/1.1" 200 112440
INFO basehttp 187 "GET /spiders HTTP/1.1" 301 0
INFO basehttp 187 "GET /static/plugins/bootstrap/css/bootstrap.min.css.map HTTP/1.1" 200 451427
INFO basehttp 187 "GET /static/dist/js/BSA.js.map HTTP/1.1" 200 80969
INFO basehttp 187 "GET /static/plugins/bootstrap/js/bootstrap.bundle.min.js.map HTTP/1.1" 200 331017
ERROR log 241 Internal Server Error: /spiders/
ERROR basehttp 187 "GET /spiders/ HTTP/1.1" 500 2511
INFO basehttp 187 "GET /static/dist/img/favicon-32x32.png HTTP/1.1" 200 513
INFO basehttp 187 "GET /static/index.html HTTP/1.1" 200 29389
INFO basehttp 187 "GET /static/dist/js/BSA.js HTTP/1.1" 200 24803
INFO autoreload 266 B:\02_Important\Python\0a_project\zol_phone\zol_phone\settings.py changed, reloading.
INFO autoreload 677 Watching for file changes with StatReloader
INFO basehttp 187 "GET /spiders HTTP/1.1" 301 0
INFO basehttp 187 "GET /static/dist/js/BSA.js.map HTTP/1.1" 200 80969
ERROR log 241 Internal Server Error: /spiders/
Traceback (most recent call last):
  File "C:\env\Anaconda3\envs\django4\lib\site-packages\django_redis\cache.py", line 31, in _decorator
    return method(self, *args, **kwargs)
  File "C:\env\Anaconda3\envs\django4\lib\site-packages\django_redis\cache.py", line 98, in _get
    return self.client.get(key, default=default, version=version, client=client)
  File "C:\env\Anaconda3\envs\django4\lib\site-packages\django_redis\client\default.py", line 260, in get
    raise ConnectionInterrupted(connection=client) from e
django_redis.exceptions.ConnectionInterrupted: Redis TimeoutError: Timeout connecting to server

During handling of the above exception, another exception occurred:

Traceback (most recent call last):
  File "C:\env\Anaconda3\envs\django4\lib\site-packages\django\core\handlers\exception.py", line 55, in inner
    response = get_response(request)
  File "C:\env\Anaconda3\envs\django4\lib\site-packages\django\core\handlers\base.py", line 197, in _get_response
    response = wrapped_callback(request, *callback_args, **callback_kwargs)
  File "C:\env\Anaconda3\envs\django4\lib\site-packages\django\views\generic\base.py", line 103, in view
    return self.dispatch(request, *args, **kwargs)
  File "C:\env\Anaconda3\envs\django4\lib\site-packages\django\views\generic\base.py", line 142, in dispatch
    return handler(request, *args, **kwargs)
  File "C:\env\Anaconda3\envs\django4\lib\site-packages\django\views\decorators\clickjacking.py", line 55, in wrapped_view
    resp = view_func(*args, **kwargs)
  File "B:\02_Important\Python\0a_project\zol_phone\apps\crawler\views.py", line 23, in get
    cache_projects = cache_handler('projects', get_project_list, 20 * 60)
  File "B:\02_Important\Python\0a_project\zol_phone\utils\cacher.py", line 19, in cache_handler
    if cache_data := cache.get(key):
  File "C:\env\Anaconda3\envs\django4\lib\site-packages\django_redis\cache.py", line 91, in get
    value = self._get(key, default, version, client)
  File "C:\env\Anaconda3\envs\django4\lib\site-packages\django_redis\cache.py", line 38, in _decorator
    raise e.__cause__
  File "C:\env\Anaconda3\envs\django4\lib\site-packages\django_redis\client\default.py", line 258, in get
    value = client.get(key)
  File "C:\env\Anaconda3\envs\django4\lib\site-packages\redis\commands\core.py", line 1801, in get
    return self.execute_command("GET", name)
  File "C:\env\Anaconda3\envs\django4\lib\site-packages\redis\client.py", line 1266, in execute_command
    conn = self.connection or pool.get_connection(command_name, **options)
  File "C:\env\Anaconda3\envs\django4\lib\site-packages\redis\connection.py", line 1457, in get_connection
    connection.connect()
  File "C:\env\Anaconda3\envs\django4\lib\site-packages\redis\connection.py", line 703, in connect
    raise TimeoutError("Timeout connecting to server")
redis.exceptions.TimeoutError: Timeout connecting to server
ERROR basehttp 187 "GET /spiders/ HTTP/1.1" 500 148654
INFO basehttp 187 "GET /static/dist/img/favicon-32x32.png HTTP/1.1" 200 513
INFO basehttp 187 "GET /static/index.html HTTP/1.1" 200 29389
INFO basehttp 187 "GET /static/plugins/bootstrap-icons/bootstrap-icons.css HTTP/1.1" 200 88585
INFO basehttp 187 "GET /static/plugins/bootstrap/css/bootstrap.min.css HTTP/1.1" 200 163873
INFO basehttp 187 "GET /static/dist/css/BSA.css HTTP/1.1" 200 20169
INFO basehttp 187 "GET /static/plugins/bootstrap/js/bootstrap.bundle.min.js HTTP/1.1" 200 78129
INFO basehttp 187 "GET /static/dist/img/logo-icon.png HTTP/1.1" 200 2065
INFO basehttp 187 "GET /static/dist/js/BSA.js HTTP/1.1" 200 24803
INFO basehttp 187 "GET /static/plugins/bootstrap-icons/fonts/bootstrap-icons.woff2?8d200481aa7f02a2d63a331fc782cfaf HTTP/1.1" 200 112440
INFO basehttp 187 "GET /static/plugins/bootstrap/css/bootstrap.min.css.map HTTP/1.1" 200 451427
INFO basehttp 187 "GET /spiders HTTP/1.1" 301 0
INFO basehttp 187 "GET /static/dist/js/BSA.js.map HTTP/1.1" 200 80969
INFO basehttp 187 "GET /static/plugins/bootstrap/js/bootstrap.bundle.min.js.map HTTP/1.1" 200 331017
ERROR log 241 Internal Server Error: /spiders/
Traceback (most recent call last):
  File "C:\env\Anaconda3\envs\django4\lib\site-packages\django_redis\cache.py", line 31, in _decorator
    return method(self, *args, **kwargs)
  File "C:\env\Anaconda3\envs\django4\lib\site-packages\django_redis\cache.py", line 98, in _get
    return self.client.get(key, default=default, version=version, client=client)
  File "C:\env\Anaconda3\envs\django4\lib\site-packages\django_redis\client\default.py", line 260, in get
    raise ConnectionInterrupted(connection=client) from e
django_redis.exceptions.ConnectionInterrupted: Redis TimeoutError: Timeout connecting to server

During handling of the above exception, another exception occurred:

Traceback (most recent call last):
  File "C:\env\Anaconda3\envs\django4\lib\site-packages\django\core\handlers\exception.py", line 55, in inner
    response = get_response(request)
  File "C:\env\Anaconda3\envs\django4\lib\site-packages\django\core\handlers\base.py", line 197, in _get_response
    response = wrapped_callback(request, *callback_args, **callback_kwargs)
  File "C:\env\Anaconda3\envs\django4\lib\site-packages\django\views\generic\base.py", line 103, in view
    return self.dispatch(request, *args, **kwargs)
  File "C:\env\Anaconda3\envs\django4\lib\site-packages\django\views\generic\base.py", line 142, in dispatch
    return handler(request, *args, **kwargs)
  File "C:\env\Anaconda3\envs\django4\lib\site-packages\django\views\decorators\clickjacking.py", line 55, in wrapped_view
    resp = view_func(*args, **kwargs)
  File "B:\02_Important\Python\0a_project\zol_phone\apps\crawler\views.py", line 23, in get
    cache_projects = cache_handler('projects', get_project_list, 20 * 60)
  File "B:\02_Important\Python\0a_project\zol_phone\utils\cacher.py", line 19, in cache_handler
    if cache_data := cache.get(key):
  File "C:\env\Anaconda3\envs\django4\lib\site-packages\django_redis\cache.py", line 91, in get
    value = self._get(key, default, version, client)
  File "C:\env\Anaconda3\envs\django4\lib\site-packages\django_redis\cache.py", line 38, in _decorator
    raise e.__cause__
  File "C:\env\Anaconda3\envs\django4\lib\site-packages\django_redis\client\default.py", line 258, in get
    value = client.get(key)
  File "C:\env\Anaconda3\envs\django4\lib\site-packages\redis\commands\core.py", line 1801, in get
    return self.execute_command("GET", name)
  File "C:\env\Anaconda3\envs\django4\lib\site-packages\redis\client.py", line 1266, in execute_command
    conn = self.connection or pool.get_connection(command_name, **options)
  File "C:\env\Anaconda3\envs\django4\lib\site-packages\redis\connection.py", line 1457, in get_connection
    connection.connect()
  File "C:\env\Anaconda3\envs\django4\lib\site-packages\redis\connection.py", line 703, in connect
    raise TimeoutError("Timeout connecting to server")
redis.exceptions.TimeoutError: Timeout connecting to server
ERROR basehttp 187 "GET /spiders/ HTTP/1.1" 500 148654
INFO basehttp 187 "GET /static/dist/img/favicon-32x32.png HTTP/1.1" 200 513
INFO basehttp 187 "GET /static/index.html HTTP/1.1" 200 29389
INFO basehttp 187 "GET /static/dist/css/BSA.css HTTP/1.1" 200 20169
INFO basehttp 187 "GET /static/plugins/bootstrap-icons/bootstrap-icons.css HTTP/1.1" 200 88585
INFO basehttp 187 "GET /static/plugins/bootstrap/css/bootstrap.min.css HTTP/1.1" 200 163873
INFO basehttp 187 "GET /static/dist/img/logo-icon.png HTTP/1.1" 200 2065
INFO basehttp 187 "GET /static/plugins/bootstrap/js/bootstrap.bundle.min.js HTTP/1.1" 200 78129
INFO basehttp 187 "GET /static/plugins/bootstrap/css/bootstrap.min.css.map HTTP/1.1" 200 451427
INFO basehttp 187 "GET /static/dist/js/BSA.js HTTP/1.1" 200 24803
INFO basehttp 187 "GET /static/plugins/bootstrap-icons/fonts/bootstrap-icons.woff2?8d200481aa7f02a2d63a331fc782cfaf HTTP/1.1" 200 112440
INFO basehttp 187 "GET /spiders HTTP/1.1" 301 0
INFO basehttp 187 "GET /static/dist/js/BSA.js.map HTTP/1.1" 200 80969
INFO basehttp 187 "GET /static/plugins/bootstrap/js/bootstrap.bundle.min.js.map HTTP/1.1" 200 331017
ERROR log 241 Internal Server Error: /spiders/
Traceback (most recent call last):
  File "C:\env\Anaconda3\envs\django4\lib\site-packages\django_redis\cache.py", line 31, in _decorator
    return method(self, *args, **kwargs)
  File "C:\env\Anaconda3\envs\django4\lib\site-packages\django_redis\cache.py", line 98, in _get
    return self.client.get(key, default=default, version=version, client=client)
  File "C:\env\Anaconda3\envs\django4\lib\site-packages\django_redis\client\default.py", line 260, in get
    raise ConnectionInterrupted(connection=client) from e
django_redis.exceptions.ConnectionInterrupted: Redis TimeoutError: Timeout connecting to server

During handling of the above exception, another exception occurred:

Traceback (most recent call last):
  File "C:\env\Anaconda3\envs\django4\lib\site-packages\django\core\handlers\exception.py", line 55, in inner
    response = get_response(request)
  File "C:\env\Anaconda3\envs\django4\lib\site-packages\django\core\handlers\base.py", line 197, in _get_response
    response = wrapped_callback(request, *callback_args, **callback_kwargs)
  File "C:\env\Anaconda3\envs\django4\lib\site-packages\django\views\generic\base.py", line 103, in view
    return self.dispatch(request, *args, **kwargs)
  File "C:\env\Anaconda3\envs\django4\lib\site-packages\django\views\generic\base.py", line 142, in dispatch
    return handler(request, *args, **kwargs)
  File "C:\env\Anaconda3\envs\django4\lib\site-packages\django\views\decorators\clickjacking.py", line 55, in wrapped_view
    resp = view_func(*args, **kwargs)
  File "B:\02_Important\Python\0a_project\zol_phone\apps\crawler\views.py", line 23, in get
    cache_projects = cache_handler('projects', get_project_list, 20 * 60)
  File "B:\02_Important\Python\0a_project\zol_phone\utils\cacher.py", line 19, in cache_handler
    if cache_data := cache.get(key):
  File "C:\env\Anaconda3\envs\django4\lib\site-packages\django_redis\cache.py", line 91, in get
    value = self._get(key, default, version, client)
  File "C:\env\Anaconda3\envs\django4\lib\site-packages\django_redis\cache.py", line 38, in _decorator
    raise e.__cause__
  File "C:\env\Anaconda3\envs\django4\lib\site-packages\django_redis\client\default.py", line 258, in get
    value = client.get(key)
  File "C:\env\Anaconda3\envs\django4\lib\site-packages\redis\commands\core.py", line 1801, in get
    return self.execute_command("GET", name)
  File "C:\env\Anaconda3\envs\django4\lib\site-packages\redis\client.py", line 1266, in execute_command
    conn = self.connection or pool.get_connection(command_name, **options)
  File "C:\env\Anaconda3\envs\django4\lib\site-packages\redis\connection.py", line 1457, in get_connection
    connection.connect()
  File "C:\env\Anaconda3\envs\django4\lib\site-packages\redis\connection.py", line 703, in connect
    raise TimeoutError("Timeout connecting to server")
redis.exceptions.TimeoutError: Timeout connecting to server
ERROR basehttp 187 "GET /spiders/ HTTP/1.1" 500 148654
INFO basehttp 187 "GET /static/dist/img/favicon-32x32.png HTTP/1.1" 200 513
INFO autoreload 266 B:\02_Important\Python\0a_project\zol_phone\zol_phone\settings.py changed, reloading.
INFO autoreload 677 Watching for file changes with StatReloader
INFO autoreload 677 Watching for file changes with StatReloader
INFO basehttp 187 "GET /static/index.html HTTP/1.1" 200 29389
INFO basehttp 187 "GET /static/plugins/bootstrap-icons/bootstrap-icons.css HTTP/1.1" 200 88585
INFO basehttp 187 "GET /static/dist/js/BSA.js HTTP/1.1" 200 24803
INFO basehttp 187 "GET /static/dist/img/logo-icon.png HTTP/1.1" 200 2065
INFO basehttp 187 "GET /static/dist/css/BSA.css HTTP/1.1" 200 20169
INFO basehttp 187 "GET /static/plugins/bootstrap/css/bootstrap.min.css HTTP/1.1" 200 163873
INFO basehttp 187 "GET /static/plugins/bootstrap/js/bootstrap.bundle.min.js HTTP/1.1" 200 78129
INFO basehttp 187 "GET /static/plugins/bootstrap-icons/fonts/bootstrap-icons.woff2?8d200481aa7f02a2d63a331fc782cfaf HTTP/1.1" 200 112440
INFO basehttp 187 "GET /static/plugins/bootstrap/css/bootstrap.min.css.map HTTP/1.1" 200 451427
INFO basehttp 187 "GET /spiders HTTP/1.1" 301 0
INFO basehttp 187 "GET /static/plugins/bootstrap/js/bootstrap.bundle.min.js.map HTTP/1.1" 200 331017
INFO basehttp 187 "GET /static/dist/js/BSA.js.map HTTP/1.1" 200 80969
ERROR log 241 Internal Server Error: /spiders/
ERROR basehttp 187 "GET /spiders/ HTTP/1.1" 500 15
INFO basehttp 187 "GET /static/dist/img/favicon-32x32.png HTTP/1.1" 200 513
INFO basehttp 187 "GET /static/index.html HTTP/1.1" 200 29389
INFO basehttp 187 "GET /static/dist/css/BSA.css HTTP/1.1" 200 20169
INFO basehttp 187 "GET /static/plugins/bootstrap-icons/bootstrap-icons.css HTTP/1.1" 200 88585
INFO basehttp 187 "GET /static/plugins/bootstrap/css/bootstrap.min.css HTTP/1.1" 200 163873
INFO basehttp 187 "GET /static/plugins/bootstrap/css/bootstrap.min.css.map HTTP/1.1" 200 451427
INFO basehttp 187 "GET /static/dist/img/logo-icon.png HTTP/1.1" 200 2065
INFO basehttp 187 "GET /static/plugins/bootstrap/js/bootstrap.bundle.min.js HTTP/1.1" 200 78129
INFO basehttp 187 "GET /static/dist/js/BSA.js HTTP/1.1" 200 24803
INFO basehttp 187 "GET /static/plugins/bootstrap-icons/fonts/bootstrap-icons.woff2?8d200481aa7f02a2d63a331fc782cfaf HTTP/1.1" 200 112440
INFO basehttp 187 "GET /static/plugins/bootstrap/js/bootstrap.bundle.min.js.map HTTP/1.1" 200 331017
INFO basehttp 187 "GET /spiders HTTP/1.1" 301 0
INFO basehttp 187 "GET /static/dist/js/BSA.js.map HTTP/1.1" 200 80969
ERROR log 241 Internal Server Error: /spiders/
ERROR basehttp 187 "GET /spiders/ HTTP/1.1" 500 15
INFO basehttp 187 "GET /static/dist/img/favicon-32x32.png HTTP/1.1" 200 513
INFO autoreload 266 B:\02_Important\Python\0a_project\zol_phone\utils\middlewares.py changed, reloading.
INFO autoreload 677 Watching for file changes with StatReloader
INFO autoreload 266 B:\02_Important\Python\0a_project\zol_phone\utils\middlewares.py changed, reloading.
INFO autoreload 677 Watching for file changes with StatReloader
INFO autoreload 266 B:\02_Important\Python\0a_project\zol_phone\utils\middlewares.py changed, reloading.
INFO autoreload 677 Watching for file changes with StatReloader
INFO basehttp 187 "GET /static/index.html HTTP/1.1" 200 29389
INFO basehttp 187 "GET /static/plugins/bootstrap-icons/bootstrap-icons.css HTTP/1.1" 200 88585
INFO basehttp 187 "GET /static/plugins/bootstrap/css/bootstrap.min.css HTTP/1.1" 200 163873
INFO basehttp 187 "GET /static/dist/css/BSA.css HTTP/1.1" 200 20169
INFO basehttp 187 "GET /static/plugins/bootstrap/js/bootstrap.bundle.min.js HTTP/1.1" 200 78129
INFO basehttp 187 "GET /static/dist/img/logo-icon.png HTTP/1.1" 200 2065
INFO basehttp 187 "GET /static/dist/js/BSA.js HTTP/1.1" 200 24803
INFO basehttp 187 "GET /static/plugins/bootstrap-icons/fonts/bootstrap-icons.woff2?8d200481aa7f02a2d63a331fc782cfaf HTTP/1.1" 200 112440
INFO basehttp 187 "GET /static/plugins/bootstrap/css/bootstrap.min.css.map HTTP/1.1" 200 451427
INFO basehttp 187 "GET /spiders HTTP/1.1" 301 0
INFO basehttp 187 "GET /static/plugins/bootstrap/js/bootstrap.bundle.min.js.map HTTP/1.1" 200 331017
INFO basehttp 187 "GET /static/dist/js/BSA.js.map HTTP/1.1" 200 80969
INFO basehttp 187 "GET /spiders/ HTTP/1.1" 200 449
INFO basehttp 187 "GET /static/dist/img/favicon-32x32.png HTTP/1.1" 200 513
INFO autoreload 266 B:\02_Important\Python\0a_project\zol_phone\utils\middlewares.py changed, reloading.
INFO autoreload 677 Watching for file changes with StatReloader
INFO basehttp 187 "GET /static/index.html HTTP/1.1" 200 29389
INFO basehttp 187 "GET /static/plugins/bootstrap-icons/bootstrap-icons.css HTTP/1.1" 200 88585
INFO basehttp 187 "GET /static/dist/css/BSA.css HTTP/1.1" 200 20169
INFO basehttp 187 "GET /static/plugins/bootstrap/js/bootstrap.bundle.min.js HTTP/1.1" 200 78129
INFO basehttp 187 "GET /static/dist/js/BSA.js HTTP/1.1" 200 24803
INFO basehttp 187 "GET /static/plugins/bootstrap/css/bootstrap.min.css HTTP/1.1" 200 163873
INFO basehttp 187 "GET /static/dist/img/logo-icon.png HTTP/1.1" 200 2065
INFO basehttp 187 "GET /static/plugins/bootstrap-icons/fonts/bootstrap-icons.woff2?8d200481aa7f02a2d63a331fc782cfaf HTTP/1.1" 200 112440
INFO basehttp 187 "GET /static/plugins/bootstrap/css/bootstrap.min.css.map HTTP/1.1" 200 451427
INFO basehttp 187 "GET /spiders HTTP/1.1" 301 0
INFO basehttp 187 "GET /static/dist/js/BSA.js.map HTTP/1.1" 200 80969
INFO basehttp 187 "GET /static/plugins/bootstrap/js/bootstrap.bundle.min.js.map HTTP/1.1" 200 331017
WARNING log 241 Not Found: /50x.html
WARNING basehttp 187 "GET /50x.html HTTP/1.1" 404 3056
WARNING log 241 Not Found: /favicon.ico
WARNING basehttp 187 "GET /favicon.ico HTTP/1.1" 404 3065
INFO basehttp 187 "GET /spiders/ HTTP/1.1" 302 0
WARNING log 241 Not Found: /50x.html
WARNING basehttp 187 "GET /50x.html HTTP/1.1" 404 3056
INFO basehttp 187 "GET /static/dist/img/favicon-32x32.png HTTP/1.1" 200 513
INFO basehttp 187 "GET / HTTP/1.1" 302 0
INFO basehttp 187 "GET /static/index.html HTTP/1.1" 200 29389
INFO basehttp 187 "GET /static/plugins/bootstrap-icons/bootstrap-icons.css HTTP/1.1" 200 88585
INFO basehttp 187 "GET /static/dist/css/BSA.css HTTP/1.1" 200 20169
INFO basehttp 187 "GET /static/plugins/bootstrap/css/bootstrap.min.css HTTP/1.1" 200 163873
INFO basehttp 187 "GET /static/dist/img/logo-icon.png HTTP/1.1" 200 2065
INFO basehttp 187 "GET /static/plugins/bootstrap/js/bootstrap.bundle.min.js HTTP/1.1" 200 78129
INFO basehttp 187 "GET /static/dist/js/BSA.js HTTP/1.1" 200 24803
INFO basehttp 187 "GET /static/pages/welcome.html HTTP/1.1" 200 20301
INFO basehttp 187 "GET /static/plugins/bootstrap-icons/fonts/bootstrap-icons.woff2?8d200481aa7f02a2d63a331fc782cfaf HTTP/1.1" 200 112440
INFO basehttp 187 "GET /static/plugins/chart.js/chart.min.js HTTP/1.1" 200 197005
INFO basehttp 187 "GET /static/dist/img/favicon-32x32.png HTTP/1.1" 200 513
INFO autoreload 266 B:\02_Important\Python\0a_project\zol_phone\utils\middlewares.py changed, reloading.
INFO autoreload 677 Watching for file changes with StatReloader
INFO basehttp 187 "GET /static/index.html HTTP/1.1" 200 29389
INFO basehttp 187 "GET /static/plugins/bootstrap-icons/bootstrap-icons.css HTTP/1.1" 200 88585
INFO basehttp 187 "GET /static/dist/css/BSA.css HTTP/1.1" 200 20169
INFO basehttp 187 "GET /static/plugins/bootstrap/css/bootstrap.min.css HTTP/1.1" 200 163873
INFO basehttp 187 "GET /static/dist/img/logo-icon.png HTTP/1.1" 200 2065
INFO basehttp 187 "GET /static/dist/js/BSA.js HTTP/1.1" 200 24803
INFO basehttp 187 "GET /static/plugins/bootstrap/js/bootstrap.bundle.min.js HTTP/1.1" 200 78129
INFO basehttp 187 "GET /static/plugins/bootstrap-icons/fonts/bootstrap-icons.woff2?8d200481aa7f02a2d63a331fc782cfaf HTTP/1.1" 200 112440
INFO basehttp 187 "GET /spiders HTTP/1.1" 301 0
INFO basehttp 187 "GET /static/plugins/bootstrap/css/bootstrap.min.css.map HTTP/1.1" 200 451427
INFO basehttp 187 "GET /static/dist/js/BSA.js.map HTTP/1.1" 200 80969
INFO basehttp 187 "GET /static/plugins/bootstrap/js/bootstrap.bundle.min.js.map HTTP/1.1" 200 331017
INFO basehttp 187 "GET /spiders/ HTTP/1.1" 302 0
INFO basehttp 187 "GET /static/index.html HTTP/1.1" 200 29389
INFO basehttp 187 "GET /static/dist/css/BSA.css HTTP/1.1" 200 20169
INFO basehttp 187 "GET /static/plugins/bootstrap-icons/bootstrap-icons.css HTTP/1.1" 200 88585
INFO basehttp 187 "GET /static/plugins/bootstrap/css/bootstrap.min.css HTTP/1.1" 200 163873
INFO basehttp 187 "GET /static/dist/img/logo-icon.png HTTP/1.1" 200 2065
INFO basehttp 187 "GET /static/dist/js/BSA.js HTTP/1.1" 200 24803
INFO basehttp 187 "GET /static/plugins/bootstrap/js/bootstrap.bundle.min.js HTTP/1.1" 200 78129
INFO basehttp 187 "GET /static/plugins/bootstrap-icons/fonts/bootstrap-icons.woff2?8d200481aa7f02a2d63a331fc782cfaf HTTP/1.1" 200 112440
INFO basehttp 187 "GET /static/plugins/bootstrap/css/bootstrap.min.css.map HTTP/1.1" 200 451427
INFO basehttp 187 "GET /spiders HTTP/1.1" 301 0
INFO basehttp 187 "GET /static/dist/js/BSA.js.map HTTP/1.1" 200 80969
INFO basehttp 187 "GET /static/plugins/bootstrap/js/bootstrap.bundle.min.js.map HTTP/1.1" 200 331017
INFO basehttp 187 "GET /spiders/jobs HTTP/1.1" 301 0
INFO basehttp 187 "GET /spiders/jobs/ HTTP/1.1" 200 2089
INFO basehttp 187 "GET /static/dist/css/BSA.css HTTP/1.1" 200 20169
INFO basehttp 187 "GET /static/css/bootstrap.min.css HTTP/1.1" 200 194901
INFO basehttp 187 "GET /static/dist/js/BSA.js HTTP/1.1" 200 24803
INFO basehttp 187 "GET /static/js/bootstrap.min.js HTTP/1.1" 200 60404
INFO basehttp 187 "GET /static/plugins/bootstrap/js/bootstrap.bundle.min.js HTTP/1.1" 200 78129
INFO basehttp 187 "GET /static/css/bootstrap.min.css.map HTTP/1.1" 200 522639
INFO basehttp 187 "GET /static/js/bootstrap.min.js.map HTTP/1.1" 200 216913
INFO basehttp 187 "GET /static/dist/js/BSA.js.map HTTP/1.1" 200 80969
INFO basehttp 187 "GET /static/plugins/bootstrap/js/bootstrap.bundle.min.js.map HTTP/1.1" 200 331017
INFO autoreload 266 B:\02_Important\Python\0a_project\zol_phone\utils\middlewares.py changed, reloading.
INFO autoreload 677 Watching for file changes with StatReloader
INFO autoreload 266 B:\02_Important\Python\0a_project\zol_phone\zol_phone\settings.py changed, reloading.
INFO autoreload 677 Watching for file changes with StatReloader
INFO basehttp 187 "GET /static/dist/img/favicon-32x32.png HTTP/1.1" 200 513
INFO autoreload 266 B:\02_Important\Python\0a_project\zol_phone\apps\crawler\views.py changed, reloading.
INFO autoreload 677 Watching for file changes with StatReloader
INFO autoreload 266 B:\02_Important\Python\0a_project\zol_phone\zol_phone\settings.py changed, reloading.
INFO autoreload 677 Watching for file changes with StatReloader
INFO autoreload 677 Watching for file changes with StatReloader
INFO basehttp 187 "GET /static/index.html HTTP/1.1" 200 29389
INFO basehttp 187 "GET /static/plugins/bootstrap-icons/bootstrap-icons.css HTTP/1.1" 200 88585
INFO basehttp 187 "GET /static/dist/css/BSA.css HTTP/1.1" 200 20169
INFO basehttp 187 "GET /static/dist/js/BSA.js HTTP/1.1" 200 24803
INFO basehttp 187 "GET /static/plugins/bootstrap/css/bootstrap.min.css HTTP/1.1" 200 163873
INFO basehttp 187 "GET /static/plugins/bootstrap/js/bootstrap.bundle.min.js HTTP/1.1" 200 78129
INFO basehttp 187 "GET /static/dist/img/logo-icon.png HTTP/1.1" 200 2065
INFO basehttp 187 "GET /static/plugins/bootstrap-icons/fonts/bootstrap-icons.woff2?8d200481aa7f02a2d63a331fc782cfaf HTTP/1.1" 200 112440
INFO basehttp 187 "GET /static/plugins/bootstrap/css/bootstrap.min.css.map HTTP/1.1" 200 451427
INFO basehttp 187 "GET /spiders/jobs HTTP/1.1" 301 0
INFO basehttp 187 "GET /spiders/jobs/ HTTP/1.1" 200 2089
INFO basehttp 187 "GET /static/dist/css/BSA.css HTTP/1.1" 200 20169
INFO basehttp 187 "GET /static/dist/js/BSA.js HTTP/1.1" 200 24803
INFO basehttp 187 "GET /static/js/bootstrap.min.js HTTP/1.1" 200 60404
INFO basehttp 187 "GET /static/plugins/bootstrap/js/bootstrap.bundle.min.js HTTP/1.1" 200 78129
INFO basehttp 187 "GET /static/css/bootstrap.min.css HTTP/1.1" 200 194901
INFO basehttp 187 "GET /static/plugins/bootstrap/js/bootstrap.bundle.min.js.map HTTP/1.1" 200 331017
INFO basehttp 187 "GET /static/dist/js/BSA.js.map HTTP/1.1" 200 80969
INFO basehttp 187 "GET /static/css/bootstrap.min.css.map HTTP/1.1" 200 522639
INFO basehttp 187 "GET /static/js/bootstrap.min.js.map HTTP/1.1" 200 216913
INFO basehttp 187 "GET /static/dist/js/BSA.js.map HTTP/1.1" 200 80969
INFO basehttp 187 "GET /static/plugins/bootstrap/js/bootstrap.bundle.min.js.map HTTP/1.1" 200 331017
INFO basehttp 187 "GET /static/dist/img/favicon-32x32.png HTTP/1.1" 200 513
INFO basehttp 187 "GET /spiders HTTP/1.1" 301 0
INFO basehttp 187 "GET /spiders/ HTTP/1.1" 200 7193
INFO basehttp 187 "GET /static/dist/css/BSA.css HTTP/1.1" 200 20169
INFO basehttp 187 "GET /static/css/bootstrap.min.css HTTP/1.1" 200 194901
INFO basehttp 187 "GET /static/dist/js/BSA.js HTTP/1.1" 200 24803
INFO basehttp 187 "GET /static/js/bootstrap.min.js HTTP/1.1" 200 60404
INFO basehttp 187 "GET /static/plugins/bootstrap/js/bootstrap.bundle.min.js HTTP/1.1" 200 78129
INFO basehttp 187 "GET /static/css/bootstrap.min.css.map HTTP/1.1" 200 522639
INFO basehttp 187 "GET /static/js/bootstrap.min.js.map HTTP/1.1" 200 216913
INFO basehttp 187 "GET /static/dist/js/BSA.js.map HTTP/1.1" 200 80969
INFO basehttp 187 "GET /static/plugins/bootstrap/js/bootstrap.bundle.min.js.map HTTP/1.1" 200 331017
INFO basehttp 187 "GET /static/index.html HTTP/1.1" 200 29298
INFO basehttp 187 "GET /static/plugins/bootstrap-icons/bootstrap-icons.css HTTP/1.1" 200 88585
INFO basehttp 187 "GET /static/dist/css/BSA.css HTTP/1.1" 200 20169
INFO basehttp 187 "GET /static/plugins/bootstrap/css/bootstrap.min.css HTTP/1.1" 200 163873
INFO basehttp 187 "GET /static/dist/img/logo-icon.png HTTP/1.1" 200 2065
INFO basehttp 187 "GET /static/dist/js/BSA.js HTTP/1.1" 200 24803
INFO basehttp 187 "GET /static/plugins/bootstrap/js/bootstrap.bundle.min.js HTTP/1.1" 200 78129
INFO basehttp 187 "GET /static/plugins/bootstrap-icons/fonts/bootstrap-icons.woff2?8d200481aa7f02a2d63a331fc782cfaf HTTP/1.1" 200 112440
INFO basehttp 187 "GET /spiders/jobs HTTP/1.1" 301 0
INFO basehttp 187 "GET /static/plugins/bootstrap/css/bootstrap.min.css.map HTTP/1.1" 200 451427
INFO basehttp 187 "GET /static/dist/js/BSA.js.map HTTP/1.1" 200 80969
INFO basehttp 187 "GET /static/plugins/bootstrap/js/bootstrap.bundle.min.js.map HTTP/1.1" 200 331017
INFO basehttp 187 "GET /spiders/jobs/ HTTP/1.1" 200 2219
INFO basehttp 187 "GET /static/dist/css/BSA.css HTTP/1.1" 200 20169
INFO basehttp 187 "GET /static/css/bootstrap.min.css HTTP/1.1" 200 194901
INFO basehttp 187 "GET /static/js/bootstrap.min.js HTTP/1.1" 200 60404
INFO basehttp 187 "GET /static/dist/js/BSA.js HTTP/1.1" 200 24803
INFO basehttp 187 "GET /static/plugins/bootstrap/js/bootstrap.bundle.min.js HTTP/1.1" 200 78129
INFO basehttp 187 "GET /static/css/bootstrap.min.css.map HTTP/1.1" 200 522639
INFO basehttp 187 "GET /static/js/bootstrap.min.js.map HTTP/1.1" 200 216913
INFO basehttp 187 "GET /static/plugins/bootstrap/js/bootstrap.bundle.min.js.map HTTP/1.1" 200 331017
INFO basehttp 187 "GET /static/dist/js/BSA.js.map HTTP/1.1" 200 80969
INFO basehttp 187 "GET /static/dist/img/favicon-32x32.png HTTP/1.1" 200 513
INFO basehttp 187 "GET /static/index.html HTTP/1.1" 200 29298
INFO basehttp 187 "GET /static/plugins/bootstrap-icons/bootstrap-icons.css HTTP/1.1" 200 88585
INFO basehttp 187 "GET /static/dist/css/BSA.css HTTP/1.1" 200 20169
INFO basehttp 187 "GET /static/plugins/bootstrap/css/bootstrap.min.css HTTP/1.1" 200 163873
INFO basehttp 187 "GET /static/dist/img/logo-icon.png HTTP/1.1" 200 2065
INFO basehttp 187 "GET /static/dist/js/BSA.js HTTP/1.1" 200 24803
INFO basehttp 187 "GET /static/plugins/bootstrap/js/bootstrap.bundle.min.js HTTP/1.1" 200 78129
INFO basehttp 187 "GET /static/plugins/bootstrap-icons/fonts/bootstrap-icons.woff2?8d200481aa7f02a2d63a331fc782cfaf HTTP/1.1" 200 112440
INFO basehttp 187 "GET /static/plugins/bootstrap/css/bootstrap.min.css.map HTTP/1.1" 200 451427
INFO basehttp 187 "GET /spiders/jobs HTTP/1.1" 301 0
INFO basehttp 187 "GET /spiders/jobs/ HTTP/1.1" 200 2219
INFO basehttp 187 "GET /static/dist/css/BSA.css HTTP/1.1" 200 20169
INFO basehttp 187 "GET /static/css/bootstrap.min.css HTTP/1.1" 200 194901
INFO basehttp 187 "GET /static/dist/js/BSA.js.map HTTP/1.1" 200 80969
INFO basehttp 187 "GET /static/plugins/bootstrap/js/bootstrap.bundle.min.js.map HTTP/1.1" 200 331017
INFO basehttp 187 "GET /static/dist/js/BSA.js HTTP/1.1" 200 24803
INFO basehttp 187 "GET /static/js/bootstrap.min.js HTTP/1.1" 200 60404
INFO basehttp 187 "GET /static/plugins/bootstrap/js/bootstrap.bundle.min.js HTTP/1.1" 200 78129
INFO basehttp 187 "GET /static/css/bootstrap.min.css.map HTTP/1.1" 200 522639
INFO basehttp 187 "GET /static/dist/js/BSA.js.map HTTP/1.1" 200 80969
INFO basehttp 187 "GET /static/js/bootstrap.min.js.map HTTP/1.1" 200 216913
INFO basehttp 187 "GET /static/plugins/bootstrap/js/bootstrap.bundle.min.js.map HTTP/1.1" 200 331017
INFO basehttp 187 "GET /static/dist/img/favicon-32x32.png HTTP/1.1" 200 513
